<?xml version="1.0" encoding="UTF-8"?>
<!-- Generated by org.testng.reporters.JUnitReportReporter -->
<testsuite skipped="0" hostname="Dharmas-MacBook-Air.local" name="functionalTestCase.ValidatePlayerFeature" tests="1" failures="0" timestamp="22 Nov 2018 07:40:55 GMT" time="78.359" errors="0">
  <testcase name="ValidateShowsTabData" time="78.359" classname="functionalTestCase.ValidatePlayerFeature"/>
</testsuite> <!-- functionalTestCase.ValidatePlayerFeature -->
