<?xml version="1.0" encoding="UTF-8"?>
<!-- Generated by org.testng.reporters.JUnitReportReporter -->
<testsuite skipped="0" hostname="Dharmas-MacBook-Air.local" name="functionalTestCase.ValidateChannelTabTest" tests="1" failures="0" timestamp="22 Nov 2018 08:25:21 GMT" time="93.300" errors="0">
  <testcase name="validateChannelPage" time="93.300" classname="functionalTestCase.ValidateChannelTabTest"/>
</testsuite> <!-- functionalTestCase.ValidateChannelTabTest -->
