<?xml version="1.0" encoding="UTF-8"?>
<!-- Generated by org.testng.reporters.JUnitReportReporter -->
<testsuite skipped="0" hostname="Dharmas-MacBook-Air.local" name="functionalTestCase.LoginTest" tests="1" failures="0" timestamp="21 Nov 2018 08:00:37 GMT" time="54.075" errors="0">
  <testcase name="ValidateShowsTabData" time="54.075" classname="functionalTestCase.LoginTest"/>
</testsuite> <!-- functionalTestCase.LoginTest -->
